<?xml version="1.0" encoding="UTF-8"?>
<testsuite xmlns:xsi="http://www.w3.org/2001/XMLSchema-instance" xsi:noNamespaceSchemaLocation="https://maven.apache.org/surefire/maven-surefire-plugin/xsd/surefire-test-report-3.0.xsd" version="3.0" name="runner.TestRunner" time="81.82" tests="67" errors="0" skipped="0" failures="0">
  <properties>
[...]
</properties>
  <testcase name="Given User is on Retail website" classname="Scenario: Add and Remove a Mac Book from Cart" time="0.002"/>
  <testcase name="When User click on Laptop &amp; NoteBook tab" classname="Scenario: Add and Remove a Mac Book from Cart" time="0"/>
  <testcase name="And User click on Show all Laptop &amp; NoteBook option" classname="Scenario: Add and Remove a Mac Book from Cart" time="0"/>
  <testcase name="And User click on MacBook item" classname="Scenario: Add and Remove a Mac Book from Cart" time="0"/>
  <testcase name="And User clickadd to Cart button" classname="Scenario: Add and Remove a Mac Book from Cart" time="0.001"/>
  <testcase name="Then User should see a message ‘Success: You have added MacBook to your shopping cart!’" classname="Scenario: Add and Remove a Mac Book from Cart" time="0"/>
  <testcase name="And User should see ‘1tem(s)-602.00’showed to the cart" classname="Scenario: Add and Remove a Mac Book from Cart" time="0"/>
  <testcase name="And User click on cart option" classname="Scenario: Add and Remove a Mac Book from Cart" time="0"/>
  <testcase name="And User click on red X button to remove the item from cart" classname="Scenario: Add and Remove a Mac Book from Cart" time="0"/>
  <testcase name="Then item should be removed and cartshould show ‘0 item(s)’" classname="Scenario: Add and Remove a Mac Book from Cart" time="0"/>
  <testcase name="Scenario: Add and Remove a Mac Book from Cart" classname="Scenario: Add and Remove a Mac Book from Cart" time="0.268"/>
  <testcase name="Given User is on Retail website" classname="Scenario: Product Comparison" time="0"/>
  <testcase name="When User click on Laptop &amp; NoteBook tab" classname="Scenario: Product Comparison" time="0"/>
  <testcase name="And User click on Show all Laptop &amp; NoteBook option" classname="Scenario: Product Comparison" time="0"/>
  <testcase name="And User click on product comparison icon on ‘MacBook’" classname="Scenario: Product Comparison" time="0"/>
  <testcase name="And User click on product comparison icon on ‘MacBook Air" classname="Scenario: Product Comparison" time="0"/>
  <testcase name="Then User should see a message ‘Success: You have added MacBook Air to your product comparison!’" classname="Scenario: Product Comparison" time="0"/>
  <testcase name="And User click on Product comparison link" classname="Scenario: Product Comparison" time="0"/>
  <testcase name="Then User should see Product Comparison Chart" classname="Scenario: Product Comparison" time="0.001"/>
  <testcase name="Scenario: Product Comparison" classname="Scenario: Product Comparison" time="0.135"/>
  <testcase name="Given User is on Retail website" classname="Scenario: Adding and item to Wish list" time="0"/>
  <testcase name="When User click on Laptop &amp; NoteBook tab" classname="Scenario: Adding and item to Wish list" time="0"/>
  <testcase name="And User click on Show all Laptop &amp; NoteBook option" classname="Scenario: Adding and item to Wish list" time="0"/>
  <testcase name="And User click on heart icon to add ‘Sony VaIO’laptop to wish list" classname="Scenario: Adding and item to Wish list" time="0"/>
  <testcase name="Then User should get a message ‘You must login or create an account to save Sony VAIO to your wish list!’" classname="Scenario: Adding and item to Wish list" time="0"/>
  <testcase name="Scenario: Adding and item to Wish list" classname="Scenario: Adding and item to Wish list" time="0.179"/>
  <testcase name="Given User is on Retail website" classname="Scenario: Validate the price of MacBook Pro is 2000" time="0"/>
  <testcase name="When User click on Laptop &amp; NoteBook tab" classname="Scenario: Validate the price of MacBook Pro is 2000" time="0"/>
  <testcase name="And User click on Show all Laptop &amp; NoteBook option" classname="Scenario: Validate the price of MacBook Pro is 2000" time="0"/>
  <testcase name="And User click on ‘MacBook Pro’item" classname="Scenario: Validate the price of MacBook Pro is 2000" time="0"/>
  <testcase name="Then User should see ‘$2,000.00’price tag is present on UI." classname="Scenario: Validate the price of MacBook Pro is 2000" time="0"/>
  <testcase name="Scenario: Validate the price of MacBook Pro is 2000" classname="Scenario: Validate the price of MacBook Pro is 2000" time="0.335"/>
  <testcase name="Given User is on Retail website" classname="Scenario: Register as an Affiliate userwith Cheque Payment Method" time="0.001"/>
  <testcase name="And User click on MyAccount" classname="Scenario: Register as an Affiliate userwith Cheque Payment Method" time="0"/>
  <testcase name="When User click on Login" classname="Scenario: Register as an Affiliate userwith Cheque Payment Method" time="0"/>
  <testcase name="And User enter username &apos;neelab.fazly786@gmail.com&apos; and password &apos;FakePass123&apos;" classname="Scenario: Register as an Affiliate userwith Cheque Payment Method" time="0"/>
  <testcase name="And User click on Login button" classname="Scenario: Register as an Affiliate userwith Cheque Payment Method" time="0"/>
  <testcase name="Then User should be logged in to MyAccount dashboard" classname="Scenario: Register as an Affiliate userwith Cheque Payment Method" time="0"/>
  <testcase name="When User click on‘Register for an Affiliate Account’link" classname="Scenario: Register as an Affiliate userwith Cheque Payment Method" time="0"/>
  <testcase name="And User fill affiliate form with below information" classname="Scenario: Register as an Affiliate userwith Cheque Payment Method" time="0"/>
  <testcase name="And User check on About us check box" classname="Scenario: Register as an Affiliate userwith Cheque Payment Method" time="0"/>
  <testcase name="And User click on Continue button" classname="Scenario: Register as an Affiliate userwith Cheque Payment Method" time="0"/>
  <testcase name="Then User should see a success message" classname="Scenario: Register as an Affiliate userwith Cheque Payment Method" time="0"/>
  <testcase name="Scenario: Register as an Affiliate userwith Cheque Payment Method" classname="Scenario: Register as an Affiliate userwith Cheque Payment Method" time="0.144"/>
  <testcase name="Given User is on Retail website" classname="Scenario: Edit your affiliate information from Cheque payment method to Bank Transfer" time="0"/>
  <testcase name="And User click on MyAccount" classname="Scenario: Edit your affiliate information from Cheque payment method to Bank Transfer" time="0"/>
  <testcase name="When User click on Login" classname="Scenario: Edit your affiliate information from Cheque payment method to Bank Transfer" time="0"/>
  <testcase name="And User enter username &apos;neelab.fazly786@gmail.com&apos; and password &apos;FakePass123&apos;" classname="Scenario: Edit your affiliate information from Cheque payment method to Bank Transfer" time="0"/>
  <testcase name="And User click on Login button" classname="Scenario: Edit your affiliate information from Cheque payment method to Bank Transfer" time="0.001"/>
  <testcase name="Then User should be logged in to MyAccount dashboard" classname="Scenario: Edit your affiliate information from Cheque payment method to Bank Transfer" time="0"/>
  <testcase name="When User click on‘Edit your affiliate informationlink" classname="Scenario: Edit your affiliate information from Cheque payment method to Bank Transfer" time="0"/>
  <testcase name="And user click on Bank Transfer radio button" classname="Scenario: Edit your affiliate information from Cheque payment method to Bank Transfer" time="0"/>
  <testcase name="And User fill Bank information with below information" classname="Scenario: Edit your affiliate information from Cheque payment method to Bank Transfer" time="0"/>
  <testcase name="And User click on Continue AffiliateButton" classname="Scenario: Edit your affiliate information from Cheque payment method to Bank Transfer" time="0"/>
  <testcase name="Then User should see a success message" classname="Scenario: Edit your affiliate information from Cheque payment method to Bank Transfer" time="0"/>
  <testcase name="Scenario: Edit your affiliate information from Cheque payment method to Bank Transfer" classname="Scenario: Edit your affiliate information from Cheque payment method to Bank Transfer" time="0.157"/>
  <testcase name="Given User is on Retail website" classname="Scenario: Edit your account Information" time="0"/>
  <testcase name="And User click on MyAccount" classname="Scenario: Edit your account Information" time="0"/>
  <testcase name="When User click on Login" classname="Scenario: Edit your account Information" time="0"/>
  <testcase name="And User enter username &apos;neelab.fazly786@gmail.com&apos; and password &apos;FakePass123&apos;" classname="Scenario: Edit your account Information" time="0"/>
  <testcase name="And User click on Login button" classname="Scenario: Edit your account Information" time="0"/>
  <testcase name="Then User should be logged in to MyAccount dashboard" classname="Scenario: Edit your account Information" time="0.001"/>
  <testcase name="When User click on‘Edit your account information’ link" classname="Scenario: Edit your account Information" time="0"/>
  <testcase name="And User modify below information" classname="Scenario: Edit your account Information" time="0"/>
  <testcase name="And User click on continue button" classname="Scenario: Edit your account Information" time="0"/>
  <testcase name="Then User should seea message ‘Success: Your account has been successfully updated.’" classname="Scenario: Edit your account Information" time="0"/>
  <testcase name="Scenario: Edit your account Information" classname="Scenario: Edit your account Information" time="0.137"/>
</testsuite>